<?xml version="1.0" encoding="UTF-8"?>
<coverage generated="1762433524459" clover="3.2.0">
  <project timestamp="1762433524459" name="All files">
    <metrics statements="165" coveredstatements="134" conditionals="96" coveredconditionals="60" methods="28" coveredmethods="28" elements="289" coveredelements="222" complexity="0" loc="165" ncloc="165" packages="1" files="5" classes="5"/>
    <file name="generator.ts" path="/home/jimar/Desktop/sudoku/src/engine/generator.ts">
      <metrics statements="37" coveredstatements="37" conditionals="10" coveredconditionals="10" methods="6" coveredmethods="6"/>
      <line num="6" count="367" type="stmt"/>
      <line num="7" count="367" type="stmt"/>
      <line num="8" count="3080" type="stmt"/>
      <line num="9" count="3080" type="stmt"/>
      <line num="11" count="367" type="stmt"/>
      <line num="15" count="3" type="stmt"/>
      <line num="16" count="3" type="stmt"/>
      <line num="19" count="368" type="stmt"/>
      <line num="20" count="368" type="cond" truecount="2" falsecount="0"/>
      <line num="21" count="365" type="stmt"/>
      <line num="22" count="365" type="stmt"/>
      <line num="23" count="1960" type="cond" truecount="2" falsecount="0"/>
      <line num="24" count="365" type="stmt"/>
      <line num="25" count="365" type="cond" truecount="2" falsecount="0"/>
      <line num="26" count="122" type="stmt"/>
      <line num="29" count="122" type="stmt"/>
      <line num="32" count="3" type="stmt"/>
      <line num="33" count="3" type="stmt"/>
      <line num="36" count="3" type="stmt"/>
      <line num="44" count="2" type="stmt"/>
      <line num="45" count="2" type="stmt"/>
      <line num="46" count="162" type="stmt"/>
      <line num="47" count="2" type="stmt"/>
      <line num="48" count="2" type="stmt"/>
      <line num="49" count="105" type="cond" truecount="2" falsecount="0"/>
      <line num="50" count="103" type="stmt"/>
      <line num="51" count="103" type="stmt"/>
      <line num="52" count="103" type="stmt"/>
      <line num="53" count="103" type="stmt"/>
      <line num="54" count="103" type="stmt"/>
      <line num="55" count="103" type="cond" truecount="2" falsecount="0"/>
      <line num="56" count="7" type="stmt"/>
      <line num="58" count="96" type="stmt"/>
      <line num="61" count="2" type="stmt"/>
      <line num="68" count="2" type="stmt"/>
      <line num="69" count="2" type="stmt"/>
      <line num="70" count="2" type="stmt"/>
    </file>
    <file name="hints.ts" path="/home/jimar/Desktop/sudoku/src/engine/hints.ts">
      <metrics statements="43" coveredstatements="14" conditionals="38" coveredconditionals="6" methods="4" coveredmethods="4"/>
      <line num="11" count="3" type="stmt"/>
      <line num="12" count="243" type="stmt"/>
      <line num="14" count="3" type="stmt"/>
      <line num="15" count="27" type="stmt"/>
      <line num="16" count="243" type="cond" truecount="2" falsecount="0"/>
      <line num="17" count="219" type="stmt"/>
      <line num="18" count="1659" type="cond" truecount="1" falsecount="1"/>
      <line num="21" count="3" type="stmt"/>
      <line num="25" count="2" type="stmt"/>
      <line num="27" count="2" type="stmt"/>
      <line num="28" count="2" type="stmt"/>
      <line num="29" count="2" type="cond" truecount="3" falsecount="1"/>
      <line num="30" count="2" type="stmt"/>
      <line num="31" count="2" type="stmt"/>
      <line num="37" count="0" type="stmt"/>
      <line num="38" count="0" type="stmt"/>
      <line num="39" count="0" type="stmt"/>
      <line num="40" count="0" type="stmt"/>
      <line num="41" count="0" type="cond" truecount="0" falsecount="4"/>
      <line num="42" count="0" type="cond" truecount="0" falsecount="2"/>
      <line num="43" count="0" type="cond" truecount="0" falsecount="4"/>
      <line num="44" count="0" type="stmt"/>
      <line num="52" count="0" type="stmt"/>
      <line num="53" count="0" type="stmt"/>
      <line num="54" count="0" type="stmt"/>
      <line num="55" count="0" type="stmt"/>
      <line num="56" count="0" type="cond" truecount="0" falsecount="4"/>
      <line num="57" count="0" type="cond" truecount="0" falsecount="2"/>
      <line num="58" count="0" type="cond" truecount="0" falsecount="4"/>
      <line num="59" count="0" type="stmt"/>
      <line num="67" count="0" type="stmt"/>
      <line num="68" count="0" type="stmt"/>
      <line num="69" count="0" type="stmt"/>
      <line num="70" count="0" type="stmt"/>
      <line num="71" count="0" type="stmt"/>
      <line num="72" count="0" type="stmt"/>
      <line num="73" count="0" type="stmt"/>
      <line num="74" count="0" type="stmt"/>
      <line num="75" count="0" type="cond" truecount="0" falsecount="4"/>
      <line num="76" count="0" type="cond" truecount="0" falsecount="2"/>
      <line num="79" count="0" type="cond" truecount="0" falsecount="4"/>
      <line num="80" count="0" type="stmt"/>
      <line num="84" count="0" type="stmt"/>
    </file>
    <file name="solver.ts" path="/home/jimar/Desktop/sudoku/src/engine/solver.ts">
      <metrics statements="38" coveredstatements="38" conditionals="27" coveredconditionals="25" methods="6" coveredmethods="6"/>
      <line num="10" count="130072" type="cond" truecount="1" falsecount="1"/>
      <line num="11" count="778985" type="cond" truecount="2" falsecount="0"/>
      <line num="12" count="43425" type="cond" truecount="2" falsecount="0"/>
      <line num="13" count="21495" type="stmt"/>
      <line num="14" count="21495" type="stmt"/>
      <line num="15" count="21495" type="stmt"/>
      <line num="16" count="164972" type="cond" truecount="2" falsecount="0"/>
      <line num="17" count="16178" type="stmt"/>
      <line num="21" count="14621" type="stmt"/>
      <line num="22" count="441804" type="cond" truecount="2" falsecount="0"/>
      <line num="23" count="116" type="stmt"/>
      <line num="27" count="3" type="stmt"/>
      <line num="29" count="1665" type="stmt"/>
      <line num="30" count="1665" type="cond" truecount="2" falsecount="0"/>
      <line num="31" count="1662" type="stmt"/>
      <line num="32" count="1662" type="stmt"/>
      <line num="33" count="14575" type="cond" truecount="2" falsecount="0"/>
      <line num="34" count="1662" type="stmt"/>
      <line num="35" count="1662" type="cond" truecount="2" falsecount="0"/>
      <line num="36" count="1566" type="stmt"/>
      <line num="39" count="1566" type="stmt"/>
      <line num="41" count="3" type="cond" truecount="1" falsecount="1"/>
      <line num="45" count="103" type="stmt"/>
      <line num="46" count="103" type="stmt"/>
      <line num="48" count="12595" type="cond" truecount="2" falsecount="0"/>
      <line num="49" count="12588" type="stmt"/>
      <line num="50" count="12588" type="cond" truecount="2" falsecount="0"/>
      <line num="51" count="110" type="stmt"/>
      <line num="52" count="110" type="stmt"/>
      <line num="54" count="12478" type="stmt"/>
      <line num="55" count="12478" type="stmt"/>
      <line num="56" count="111566" type="cond" truecount="2" falsecount="0"/>
      <line num="57" count="12492" type="stmt"/>
      <line num="58" count="12492" type="cond" truecount="2" falsecount="0"/>
      <line num="59" count="12316" type="stmt"/>
      <line num="62" count="12302" type="stmt"/>
      <line num="64" count="103" type="stmt"/>
      <line num="65" count="103" type="stmt"/>
    </file>
    <file name="types.ts" path="/home/jimar/Desktop/sudoku/src/engine/types.ts">
      <metrics statements="4" coveredstatements="4" conditionals="4" coveredconditionals="4" methods="6" coveredmethods="6"/>
      <line num="16" count="90" type="stmt"/>
      <line num="20" count="1008" type="stmt"/>
      <line num="24" count="3" type="stmt"/>
      <line num="28" count="2" type="cond" truecount="4" falsecount="0"/>
    </file>
    <file name="validators.ts" path="/home/jimar/Desktop/sudoku/src/engine/validators.ts">
      <metrics statements="43" coveredstatements="41" conditionals="17" coveredconditionals="15" methods="6" coveredmethods="6"/>
      <line num="10" count="18" type="stmt"/>
      <line num="11" count="18" type="stmt"/>
      <line num="12" count="18" type="stmt"/>
      <line num="15" count="4" type="stmt"/>
      <line num="16" count="4" type="stmt"/>
      <line num="17" count="4" type="stmt"/>
      <line num="18" count="4" type="stmt"/>
      <line num="22" count="2" type="stmt"/>
      <line num="23" count="18" type="stmt"/>
      <line num="24" count="18" type="stmt"/>
      <line num="25" count="18" type="stmt"/>
      <line num="26" count="162" type="stmt"/>
      <line num="27" count="162" type="stmt"/>
      <line num="28" count="162" type="cond" truecount="2" falsecount="0"/>
      <line num="29" count="83" type="cond" truecount="2" falsecount="0"/>
      <line num="30" count="1" type="stmt"/>
      <line num="31" count="1" type="stmt"/>
      <line num="33" count="82" type="stmt"/>
      <line num="36" count="162" type="cond" truecount="2" falsecount="0"/>
      <line num="37" count="83" type="cond" truecount="1" falsecount="1"/>
      <line num="38" count="0" type="stmt"/>
      <line num="39" count="0" type="stmt"/>
      <line num="41" count="83" type="stmt"/>
      <line num="48" count="2" type="stmt"/>
      <line num="49" count="6" type="stmt"/>
      <line num="50" count="18" type="stmt"/>
      <line num="51" count="18" type="stmt"/>
      <line num="52" count="54" type="stmt"/>
      <line num="53" count="162" type="stmt"/>
      <line num="54" count="162" type="stmt"/>
      <line num="55" count="162" type="stmt"/>
      <line num="56" count="162" type="cond" truecount="2" falsecount="0"/>
      <line num="57" count="83" type="cond" truecount="2" falsecount="0"/>
      <line num="58" count="1" type="stmt"/>
      <line num="59" count="1" type="stmt"/>
      <line num="60" count="1" type="stmt"/>
      <line num="62" count="82" type="stmt"/>
      <line num="70" count="2" type="stmt"/>
      <line num="74" count="1" type="stmt"/>
      <line num="75" count="9" type="stmt"/>
      <line num="76" count="81" type="cond" truecount="1" falsecount="1"/>
      <line num="79" count="1" type="stmt"/>
      <line num="81" count="1" type="stmt"/>
    </file>
  </project>
</coverage>
