{"/home/jimar/Desktop/sudoku/src/engine/generator.ts": {"path":"/home/jimar/Desktop/sudoku/src/engine/generator.ts","statementMap":{"0":{"start":{"line":6,"column":12},"end":{"line":6,"column":null}},"1":{"start":{"line":7,"column":2},"end":{"line":10,"column":null}},"2":{"start":{"line":7,"column":15},"end":{"line":7,"column":29}},"3":{"start":{"line":8,"column":14},"end":{"line":8,"column":null}},"4":{"start":{"line":9,"column":4},"end":{"line":9,"column":null}},"5":{"start":{"line":11,"column":2},"end":{"line":11,"column":null}},"6":{"start":{"line":15,"column":8},"end":{"line":15,"column":null}},"7":{"start":{"line":16,"column":17},"end":{"line":16,"column":null}},"8":{"start":{"line":19,"column":10},"end":{"line":19,"column":null}},"9":{"start":{"line":20,"column":4},"end":{"line":20,"column":null}},"10":{"start":{"line":20,"column":16},"end":{"line":20,"column":null}},"11":{"start":{"line":21,"column":19},"end":{"line":21,"column":null}},"12":{"start":{"line":22,"column":4},"end":{"line":28,"column":null}},"13":{"start":{"line":23,"column":6},"end":{"line":27,"column":null}},"14":{"start":{"line":24,"column":8},"end":{"line":24,"column":null}},"15":{"start":{"line":25,"column":8},"end":{"line":25,"column":null}},"16":{"start":{"line":25,"column":25},"end":{"line":25,"column":null}},"17":{"start":{"line":26,"column":8},"end":{"line":26,"column":null}},"18":{"start":{"line":29,"column":4},"end":{"line":29,"column":null}},"19":{"start":{"line":32,"column":2},"end":{"line":32,"column":null}},"20":{"start":{"line":33,"column":2},"end":{"line":33,"column":null}},"21":{"start":{"line":36,"column":76},"end":{"line":41,"column":null}},"22":{"start":{"line":44,"column":23},"end":{"line":44,"column":null}},"23":{"start":{"line":45,"column":8},"end":{"line":45,"column":null}},"24":{"start":{"line":46,"column":16},"end":{"line":46,"column":null}},"25":{"start":{"line":46,"column":62},"end":{"line":46,"column":63}},"26":{"start":{"line":47,"column":14},"end":{"line":47,"column":null}},"27":{"start":{"line":48,"column":2},"end":{"line":60,"column":null}},"28":{"start":{"line":49,"column":4},"end":{"line":49,"column":null}},"29":{"start":{"line":49,"column":27},"end":{"line":49,"column":null}},"30":{"start":{"line":50,"column":14},"end":{"line":50,"column":null}},"31":{"start":{"line":51,"column":14},"end":{"line":51,"column":null}},"32":{"start":{"line":52,"column":19},"end":{"line":52,"column":null}},"33":{"start":{"line":53,"column":4},"end":{"line":53,"column":null}},"34":{"start":{"line":54,"column":10},"end":{"line":54,"column":null}},"35":{"start":{"line":55,"column":4},"end":{"line":59,"column":null}},"36":{"start":{"line":56,"column":6},"end":{"line":56,"column":null}},"37":{"start":{"line":58,"column":6},"end":{"line":58,"column":null}},"38":{"start":{"line":61,"column":2},"end":{"line":61,"column":null}},"39":{"start":{"line":68,"column":19},"end":{"line":68,"column":null}},"40":{"start":{"line":69,"column":17},"end":{"line":69,"column":null}},"41":{"start":{"line":70,"column":2},"end":{"line":70,"column":null}}},"fnMap":{"0":{"name":"shuffled","decl":{"start":{"line":5,"column":9},"end":{"line":5,"column":21}},"loc":{"start":{"line":5,"column":36},"end":{"line":12,"column":null}},"line":5},"1":{"name":"generateFullGrid","decl":{"start":{"line":14,"column":16},"end":{"line":14,"column":42}},"loc":{"start":{"line":14,"column":42},"end":{"line":34,"column":null}},"line":14},"2":{"name":"backtrack","decl":{"start":{"line":18,"column":11},"end":{"line":18,"column":32}},"loc":{"start":{"line":18,"column":32},"end":{"line":30,"column":null}},"line":18},"3":{"name":"removeCells","decl":{"start":{"line":43,"column":16},"end":{"line":43,"column":28}},"loc":{"start":{"line":43,"column":72},"end":{"line":62,"column":null}},"line":43},"4":{"name":"(anonymous_4)","decl":{"start":{"line":46,"column":52},"end":{"line":46,"column":53}},"loc":{"start":{"line":46,"column":62},"end":{"line":46,"column":63}},"line":46},"5":{"name":"generatePuzzle","decl":{"start":{"line":64,"column":16},"end":{"line":64,"column":31}},"loc":{"start":{"line":67,"column":2},"end":{"line":71,"column":null}},"line":67}},"branchMap":{"0":{"loc":{"start":{"line":20,"column":4},"end":{"line":20,"column":null}},"type":"if","locations":[{"start":{"line":20,"column":4},"end":{"line":20,"column":null}},{"start":{},"end":{}}],"line":20},"1":{"loc":{"start":{"line":23,"column":6},"end":{"line":27,"column":null}},"type":"if","locations":[{"start":{"line":23,"column":6},"end":{"line":27,"column":null}},{"start":{},"end":{}}],"line":23},"2":{"loc":{"start":{"line":25,"column":8},"end":{"line":25,"column":null}},"type":"if","locations":[{"start":{"line":25,"column":8},"end":{"line":25,"column":null}},{"start":{},"end":{}}],"line":25},"3":{"loc":{"start":{"line":49,"column":4},"end":{"line":49,"column":null}},"type":"if","locations":[{"start":{"line":49,"column":4},"end":{"line":49,"column":null}},{"start":{},"end":{}}],"line":49},"4":{"loc":{"start":{"line":55,"column":4},"end":{"line":59,"column":null}},"type":"if","locations":[{"start":{"line":55,"column":4},"end":{"line":59,"column":null}},{"start":{"line":57,"column":11},"end":{"line":59,"column":null}}],"line":55}},"s":{"0":367,"1":367,"2":367,"3":3080,"4":3080,"5":367,"6":3,"7":3,"8":368,"9":368,"10":3,"11":365,"12":365,"13":1960,"14":365,"15":365,"16":243,"17":122,"18":122,"19":3,"20":3,"21":3,"22":2,"23":2,"24":2,"25":162,"26":2,"27":2,"28":105,"29":2,"30":103,"31":103,"32":103,"33":103,"34":103,"35":103,"36":7,"37":96,"38":2,"39":2,"40":2,"41":2},"f":{"0":367,"1":3,"2":368,"3":2,"4":162,"5":2},"b":{"0":[3,365],"1":[365,1595],"2":[243,122],"3":[2,103],"4":[7,96]},"meta":{"lastBranch":5,"lastFunction":6,"lastStatement":42,"seen":{"f:5:9:5:21":0,"s:6:12:6:Infinity":0,"s:7:2:10:Infinity":1,"s:7:15:7:29":2,"s:8:14:8:Infinity":3,"s:9:4:9:Infinity":4,"s:11:2:11:Infinity":5,"f:14:16:14:42":1,"s:15:8:15:Infinity":6,"s:16:17:16:Infinity":7,"f:18:11:18:32":2,"s:19:10:19:Infinity":8,"b:20:4:20:Infinity:undefined:undefined:undefined:undefined":0,"s:20:4:20:Infinity":9,"s:20:16:20:Infinity":10,"s:21:19:21:Infinity":11,"s:22:4:28:Infinity":12,"b:23:6:27:Infinity:undefined:undefined:undefined:undefined":1,"s:23:6:27:Infinity":13,"s:24:8:24:Infinity":14,"b:25:8:25:Infinity:undefined:undefined:undefined:undefined":2,"s:25:8:25:Infinity":15,"s:25:25:25:Infinity":16,"s:26:8:26:Infinity":17,"s:29:4:29:Infinity":18,"s:32:2:32:Infinity":19,"s:33:2:33:Infinity":20,"s:36:76:41:Infinity":21,"f:43:16:43:28":3,"s:44:23:44:Infinity":22,"s:45:8:45:Infinity":23,"s:46:16:46:Infinity":24,"f:46:52:46:53":4,"s:46:62:46:63":25,"s:47:14:47:Infinity":26,"s:48:2:60:Infinity":27,"b:49:4:49:Infinity:undefined:undefined:undefined:undefined":3,"s:49:4:49:Infinity":28,"s:49:27:49:Infinity":29,"s:50:14:50:Infinity":30,"s:51:14:51:Infinity":31,"s:52:19:52:Infinity":32,"s:53:4:53:Infinity":33,"s:54:10:54:Infinity":34,"b:55:4:59:Infinity:57:11:59:Infinity":4,"s:55:4:59:Infinity":35,"s:56:6:56:Infinity":36,"s:58:6:58:Infinity":37,"s:61:2:61:Infinity":38,"f:64:16:64:31":5,"s:68:19:68:Infinity":39,"s:69:17:69:Infinity":40,"s:70:2:70:Infinity":41}}}
,"/home/jimar/Desktop/sudoku/src/engine/hints.ts": {"path":"/home/jimar/Desktop/sudoku/src/engine/hints.ts","statementMap":{"0":{"start":{"line":11,"column":33},"end":{"line":13,"column":null}},"1":{"start":{"line":12,"column":4},"end":{"line":12,"column":null}},"2":{"start":{"line":12,"column":36},"end":{"line":12,"column":53}},"3":{"start":{"line":14,"column":2},"end":{"line":20,"column":null}},"4":{"start":{"line":14,"column":15},"end":{"line":14,"column":18}},"5":{"start":{"line":15,"column":4},"end":{"line":19,"column":null}},"6":{"start":{"line":15,"column":17},"end":{"line":15,"column":20}},"7":{"start":{"line":16,"column":6},"end":{"line":16,"column":null}},"8":{"start":{"line":16,"column":29},"end":{"line":16,"column":null}},"9":{"start":{"line":17,"column":6},"end":{"line":18,"column":null}},"10":{"start":{"line":17,"column":19},"end":{"line":17,"column":22}},"11":{"start":{"line":18,"column":8},"end":{"line":18,"column":null}},"12":{"start":{"line":18,"column":37},"end":{"line":18,"column":null}},"13":{"start":{"line":21,"column":2},"end":{"line":21,"column":null}},"14":{"start":{"line":25,"column":16},"end":{"line":25,"column":null}},"15":{"start":{"line":27,"column":2},"end":{"line":34,"column":null}},"16":{"start":{"line":27,"column":15},"end":{"line":27,"column":18}},"17":{"start":{"line":28,"column":4},"end":{"line":33,"column":null}},"18":{"start":{"line":28,"column":17},"end":{"line":28,"column":20}},"19":{"start":{"line":29,"column":6},"end":{"line":32,"column":null}},"20":{"start":{"line":30,"column":22},"end":{"line":30,"column":null}},"21":{"start":{"line":31,"column":8},"end":{"line":31,"column":null}},"22":{"start":{"line":37,"column":2},"end":{"line":50,"column":null}},"23":{"start":{"line":37,"column":15},"end":{"line":37,"column":18}},"24":{"start":{"line":38,"column":4},"end":{"line":49,"column":null}},"25":{"start":{"line":38,"column":17},"end":{"line":38,"column":20}},"26":{"start":{"line":39,"column":32},"end":{"line":39,"column":null}},"27":{"start":{"line":40,"column":6},"end":{"line":42,"column":null}},"28":{"start":{"line":40,"column":19},"end":{"line":40,"column":22}},"29":{"start":{"line":41,"column":8},"end":{"line":42,"column":null}},"30":{"start":{"line":42,"column":10},"end":{"line":42,"column":null}},"31":{"start":{"line":43,"column":6},"end":{"line":48,"column":null}},"32":{"start":{"line":44,"column":8},"end":{"line":48,"column":null}},"33":{"start":{"line":52,"column":2},"end":{"line":65,"column":null}},"34":{"start":{"line":52,"column":15},"end":{"line":52,"column":18}},"35":{"start":{"line":53,"column":4},"end":{"line":64,"column":null}},"36":{"start":{"line":53,"column":17},"end":{"line":53,"column":20}},"37":{"start":{"line":54,"column":32},"end":{"line":54,"column":null}},"38":{"start":{"line":55,"column":6},"end":{"line":57,"column":null}},"39":{"start":{"line":55,"column":19},"end":{"line":55,"column":22}},"40":{"start":{"line":56,"column":8},"end":{"line":57,"column":null}},"41":{"start":{"line":57,"column":10},"end":{"line":57,"column":null}},"42":{"start":{"line":58,"column":6},"end":{"line":63,"column":null}},"43":{"start":{"line":59,"column":8},"end":{"line":63,"column":null}},"44":{"start":{"line":67,"column":2},"end":{"line":83,"column":null}},"45":{"start":{"line":67,"column":16},"end":{"line":67,"column":19}},"46":{"start":{"line":68,"column":4},"end":{"line":82,"column":null}},"47":{"start":{"line":68,"column":18},"end":{"line":68,"column":21}},"48":{"start":{"line":69,"column":6},"end":{"line":81,"column":null}},"49":{"start":{"line":69,"column":19},"end":{"line":69,"column":22}},"50":{"start":{"line":70,"column":51},"end":{"line":70,"column":null}},"51":{"start":{"line":71,"column":8},"end":{"line":78,"column":null}},"52":{"start":{"line":71,"column":21},"end":{"line":71,"column":24}},"53":{"start":{"line":72,"column":10},"end":{"line":77,"column":null}},"54":{"start":{"line":72,"column":23},"end":{"line":72,"column":26}},"55":{"start":{"line":73,"column":22},"end":{"line":73,"column":null}},"56":{"start":{"line":74,"column":22},"end":{"line":74,"column":null}},"57":{"start":{"line":75,"column":12},"end":{"line":76,"column":null}},"58":{"start":{"line":76,"column":14},"end":{"line":76,"column":null}},"59":{"start":{"line":79,"column":8},"end":{"line":80,"column":null}},"60":{"start":{"line":80,"column":10},"end":{"line":80,"column":null}},"61":{"start":{"line":84,"column":2},"end":{"line":84,"column":null}}},"fnMap":{"0":{"name":"computeCandidates","decl":{"start":{"line":10,"column":16},"end":{"line":10,"column":34}},"loc":{"start":{"line":10,"column":65},"end":{"line":22,"column":null}},"line":10},"1":{"name":"(anonymous_1)","decl":{"start":{"line":11,"column":59},"end":{"line":11,"column":null}},"loc":{"start":{"line":12,"column":4},"end":{"line":12,"column":null}},"line":12},"2":{"name":"(anonymous_2)","decl":{"start":{"line":12,"column":30},"end":{"line":12,"column":36}},"loc":{"start":{"line":12,"column":36},"end":{"line":12,"column":53}},"line":12},"3":{"name":"getHint","decl":{"start":{"line":24,"column":16},"end":{"line":24,"column":24}},"loc":{"start":{"line":24,"column":51},"end":{"line":85,"column":null}},"line":24}},"branchMap":{"0":{"loc":{"start":{"line":16,"column":6},"end":{"line":16,"column":null}},"type":"if","locations":[{"start":{"line":16,"column":6},"end":{"line":16,"column":null}},{"start":{},"end":{}}],"line":16},"1":{"loc":{"start":{"line":18,"column":8},"end":{"line":18,"column":null}},"type":"if","locations":[{"start":{"line":18,"column":8},"end":{"line":18,"column":null}},{"start":{},"end":{}}],"line":18},"2":{"loc":{"start":{"line":29,"column":6},"end":{"line":32,"column":null}},"type":"if","locations":[{"start":{"line":29,"column":6},"end":{"line":32,"column":null}},{"start":{},"end":{}}],"line":29},"3":{"loc":{"start":{"line":29,"column":10},"end":{"line":29,"column":55}},"type":"binary-expr","locations":[{"start":{"line":29,"column":10},"end":{"line":29,"column":31}},{"start":{"line":29,"column":31},"end":{"line":29,"column":55}}],"line":29},"4":{"loc":{"start":{"line":41,"column":8},"end":{"line":42,"column":null}},"type":"if","locations":[{"start":{"line":41,"column":8},"end":{"line":42,"column":null}},{"start":{},"end":{}}],"line":41},"5":{"loc":{"start":{"line":41,"column":12},"end":{"line":41,"column":null}},"type":"binary-expr","locations":[{"start":{"line":41,"column":12},"end":{"line":41,"column":33}},{"start":{"line":41,"column":33},"end":{"line":41,"column":null}}],"line":41},"6":{"loc":{"start":{"line":42,"column":17},"end":{"line":42,"column":null}},"type":"cond-expr","locations":[{"start":{"line":42,"column":33},"end":{"line":42,"column":37}},{"start":{"line":42,"column":37},"end":{"line":42,"column":null}}],"line":42},"7":{"loc":{"start":{"line":43,"column":6},"end":{"line":48,"column":null}},"type":"if","locations":[{"start":{"line":43,"column":6},"end":{"line":48,"column":null}},{"start":{},"end":{}}],"line":43},"8":{"loc":{"start":{"line":43,"column":10},"end":{"line":43,"column":null}},"type":"binary-expr","locations":[{"start":{"line":43,"column":10},"end":{"line":43,"column":27}},{"start":{"line":43,"column":27},"end":{"line":43,"column":null}}],"line":43},"9":{"loc":{"start":{"line":56,"column":8},"end":{"line":57,"column":null}},"type":"if","locations":[{"start":{"line":56,"column":8},"end":{"line":57,"column":null}},{"start":{},"end":{}}],"line":56},"10":{"loc":{"start":{"line":56,"column":12},"end":{"line":56,"column":null}},"type":"binary-expr","locations":[{"start":{"line":56,"column":12},"end":{"line":56,"column":33}},{"start":{"line":56,"column":33},"end":{"line":56,"column":null}}],"line":56},"11":{"loc":{"start":{"line":57,"column":17},"end":{"line":57,"column":null}},"type":"cond-expr","locations":[{"start":{"line":57,"column":33},"end":{"line":57,"column":37}},{"start":{"line":57,"column":37},"end":{"line":57,"column":null}}],"line":57},"12":{"loc":{"start":{"line":58,"column":6},"end":{"line":63,"column":null}},"type":"if","locations":[{"start":{"line":58,"column":6},"end":{"line":63,"column":null}},{"start":{},"end":{}}],"line":58},"13":{"loc":{"start":{"line":58,"column":10},"end":{"line":58,"column":null}},"type":"binary-expr","locations":[{"start":{"line":58,"column":10},"end":{"line":58,"column":27}},{"start":{"line":58,"column":27},"end":{"line":58,"column":null}}],"line":58},"14":{"loc":{"start":{"line":75,"column":12},"end":{"line":76,"column":null}},"type":"if","locations":[{"start":{"line":75,"column":12},"end":{"line":76,"column":null}},{"start":{},"end":{}}],"line":75},"15":{"loc":{"start":{"line":75,"column":16},"end":{"line":75,"column":null}},"type":"binary-expr","locations":[{"start":{"line":75,"column":16},"end":{"line":75,"column":37}},{"start":{"line":75,"column":37},"end":{"line":75,"column":null}}],"line":75},"16":{"loc":{"start":{"line":76,"column":20},"end":{"line":76,"column":null}},"type":"cond-expr","locations":[{"start":{"line":76,"column":35},"end":{"line":76,"column":47}},{"start":{"line":76,"column":47},"end":{"line":76,"column":null}}],"line":76},"17":{"loc":{"start":{"line":79,"column":8},"end":{"line":80,"column":null}},"type":"if","locations":[{"start":{"line":79,"column":8},"end":{"line":80,"column":null}},{"start":{},"end":{}}],"line":79},"18":{"loc":{"start":{"line":79,"column":12},"end":{"line":79,"column":null}},"type":"binary-expr","locations":[{"start":{"line":79,"column":12},"end":{"line":79,"column":19}},{"start":{"line":79,"column":19},"end":{"line":79,"column":null}}],"line":79}},"s":{"0":3,"1":27,"2":243,"3":3,"4":3,"5":27,"6":27,"7":243,"8":24,"9":219,"10":219,"11":219,"12":1659,"13":3,"14":2,"15":2,"16":2,"17":2,"18":2,"19":2,"20":2,"21":2,"22":0,"23":0,"24":0,"25":0,"26":0,"27":0,"28":0,"29":0,"30":0,"31":0,"32":0,"33":0,"34":0,"35":0,"36":0,"37":0,"38":0,"39":0,"40":0,"41":0,"42":0,"43":0,"44":0,"45":0,"46":0,"47":0,"48":0,"49":0,"50":0,"51":0,"52":0,"53":0,"54":0,"55":0,"56":0,"57":0,"58":0,"59":0,"60":0,"61":0},"f":{"0":3,"1":27,"2":243,"3":2},"b":{"0":[24,219],"1":[1659,-1440],"2":[2,0],"3":[2,2],"4":[0,0],"5":[0,0],"6":[0,0],"7":[0,0],"8":[0,0],"9":[0,0],"10":[0,0],"11":[0,0],"12":[0,0],"13":[0,0],"14":[0,0],"15":[0,0],"16":[0,0],"17":[0,0],"18":[0,0]},"meta":{"lastBranch":19,"lastFunction":4,"lastStatement":62,"seen":{"f:10:16:10:34":0,"s:11:33:13:Infinity":0,"f:11:59:11:Infinity":1,"s:12:4:12:Infinity":1,"f:12:30:12:36":2,"s:12:36:12:53":2,"s:14:2:20:Infinity":3,"s:14:15:14:18":4,"s:15:4:19:Infinity":5,"s:15:17:15:20":6,"b:16:6:16:Infinity:undefined:undefined:undefined:undefined":0,"s:16:6:16:Infinity":7,"s:16:29:16:Infinity":8,"s:17:6:18:Infinity":9,"s:17:19:17:22":10,"b:18:8:18:Infinity:undefined:undefined:undefined:undefined":1,"s:18:8:18:Infinity":11,"s:18:37:18:Infinity":12,"s:21:2:21:Infinity":13,"f:24:16:24:24":3,"s:25:16:25:Infinity":14,"s:27:2:34:Infinity":15,"s:27:15:27:18":16,"s:28:4:33:Infinity":17,"s:28:17:28:20":18,"b:29:6:32:Infinity:undefined:undefined:undefined:undefined":2,"s:29:6:32:Infinity":19,"b:29:10:29:31:29:31:29:55":3,"s:30:22:30:Infinity":20,"s:31:8:31:Infinity":21,"s:37:2:50:Infinity":22,"s:37:15:37:18":23,"s:38:4:49:Infinity":24,"s:38:17:38:20":25,"s:39:32:39:Infinity":26,"s:40:6:42:Infinity":27,"s:40:19:40:22":28,"b:41:8:42:Infinity:undefined:undefined:undefined:undefined":4,"s:41:8:42:Infinity":29,"b:41:12:41:33:41:33:41:Infinity":5,"s:42:10:42:Infinity":30,"b:42:33:42:37:42:37:42:Infinity":6,"b:43:6:48:Infinity:undefined:undefined:undefined:undefined":7,"s:43:6:48:Infinity":31,"b:43:10:43:27:43:27:43:Infinity":8,"s:44:8:48:Infinity":32,"s:52:2:65:Infinity":33,"s:52:15:52:18":34,"s:53:4:64:Infinity":35,"s:53:17:53:20":36,"s:54:32:54:Infinity":37,"s:55:6:57:Infinity":38,"s:55:19:55:22":39,"b:56:8:57:Infinity:undefined:undefined:undefined:undefined":9,"s:56:8:57:Infinity":40,"b:56:12:56:33:56:33:56:Infinity":10,"s:57:10:57:Infinity":41,"b:57:33:57:37:57:37:57:Infinity":11,"b:58:6:63:Infinity:undefined:undefined:undefined:undefined":12,"s:58:6:63:Infinity":42,"b:58:10:58:27:58:27:58:Infinity":13,"s:59:8:63:Infinity":43,"s:67:2:83:Infinity":44,"s:67:16:67:19":45,"s:68:4:82:Infinity":46,"s:68:18:68:21":47,"s:69:6:81:Infinity":48,"s:69:19:69:22":49,"s:70:51:70:Infinity":50,"s:71:8:78:Infinity":51,"s:71:21:71:24":52,"s:72:10:77:Infinity":53,"s:72:23:72:26":54,"s:73:22:73:Infinity":55,"s:74:22:74:Infinity":56,"b:75:12:76:Infinity:undefined:undefined:undefined:undefined":14,"s:75:12:76:Infinity":57,"b:75:16:75:37:75:37:75:Infinity":15,"s:76:14:76:Infinity":58,"b:76:35:76:47:76:47:76:Infinity":16,"b:79:8:80:Infinity:undefined:undefined:undefined:undefined":17,"s:79:8:80:Infinity":59,"b:79:12:79:19:79:19:79:Infinity":18,"s:80:10:80:Infinity":60,"s:84:2:84:Infinity":61}}}
,"/home/jimar/Desktop/sudoku/src/engine/solver.ts": {"path":"/home/jimar/Desktop/sudoku/src/engine/solver.ts","statementMap":{"0":{"start":{"line":10,"column":2},"end":{"line":10,"column":null}},"1":{"start":{"line":10,"column":15},"end":{"line":10,"column":null}},"2":{"start":{"line":11,"column":2},"end":{"line":11,"column":null}},"3":{"start":{"line":11,"column":15},"end":{"line":11,"column":18}},"4":{"start":{"line":11,"column":30},"end":{"line":11,"column":null}},"5":{"start":{"line":11,"column":53},"end":{"line":11,"column":null}},"6":{"start":{"line":12,"column":2},"end":{"line":12,"column":null}},"7":{"start":{"line":12,"column":15},"end":{"line":12,"column":18}},"8":{"start":{"line":12,"column":30},"end":{"line":12,"column":null}},"9":{"start":{"line":12,"column":53},"end":{"line":12,"column":null}},"10":{"start":{"line":13,"column":13},"end":{"line":13,"column":null}},"11":{"start":{"line":14,"column":13},"end":{"line":14,"column":null}},"12":{"start":{"line":15,"column":2},"end":{"line":16,"column":null}},"13":{"start":{"line":15,"column":15},"end":{"line":15,"column":18}},"14":{"start":{"line":16,"column":4},"end":{"line":16,"column":null}},"15":{"start":{"line":16,"column":17},"end":{"line":16,"column":20}},"16":{"start":{"line":16,"column":32},"end":{"line":16,"column":null}},"17":{"start":{"line":16,"column":65},"end":{"line":16,"column":null}},"18":{"start":{"line":17,"column":2},"end":{"line":17,"column":null}},"19":{"start":{"line":21,"column":2},"end":{"line":22,"column":null}},"20":{"start":{"line":21,"column":15},"end":{"line":21,"column":18}},"21":{"start":{"line":22,"column":4},"end":{"line":22,"column":null}},"22":{"start":{"line":22,"column":17},"end":{"line":22,"column":20}},"23":{"start":{"line":22,"column":32},"end":{"line":22,"column":null}},"24":{"start":{"line":22,"column":55},"end":{"line":22,"column":null}},"25":{"start":{"line":23,"column":2},"end":{"line":23,"column":null}},"26":{"start":{"line":27,"column":8},"end":{"line":27,"column":null}},"27":{"start":{"line":29,"column":18},"end":{"line":29,"column":null}},"28":{"start":{"line":30,"column":4},"end":{"line":30,"column":null}},"29":{"start":{"line":30,"column":16},"end":{"line":30,"column":null}},"30":{"start":{"line":31,"column":19},"end":{"line":31,"column":null}},"31":{"start":{"line":32,"column":4},"end":{"line":38,"column":null}},"32":{"start":{"line":32,"column":17},"end":{"line":32,"column":20}},"33":{"start":{"line":33,"column":6},"end":{"line":37,"column":null}},"34":{"start":{"line":34,"column":8},"end":{"line":34,"column":null}},"35":{"start":{"line":35,"column":8},"end":{"line":35,"column":null}},"36":{"start":{"line":35,"column":25},"end":{"line":35,"column":null}},"37":{"start":{"line":36,"column":8},"end":{"line":36,"column":null}},"38":{"start":{"line":39,"column":4},"end":{"line":39,"column":null}},"39":{"start":{"line":41,"column":2},"end":{"line":41,"column":null}},"40":{"start":{"line":45,"column":8},"end":{"line":45,"column":null}},"41":{"start":{"line":46,"column":14},"end":{"line":46,"column":null}},"42":{"start":{"line":48,"column":4},"end":{"line":48,"column":null}},"43":{"start":{"line":48,"column":24},"end":{"line":48,"column":null}},"44":{"start":{"line":49,"column":18},"end":{"line":49,"column":null}},"45":{"start":{"line":50,"column":4},"end":{"line":53,"column":null}},"46":{"start":{"line":51,"column":6},"end":{"line":51,"column":null}},"47":{"start":{"line":52,"column":6},"end":{"line":52,"column":null}},"48":{"start":{"line":54,"column":19},"end":{"line":54,"column":null}},"49":{"start":{"line":55,"column":4},"end":{"line":61,"column":null}},"50":{"start":{"line":55,"column":17},"end":{"line":55,"column":20}},"51":{"start":{"line":56,"column":6},"end":{"line":60,"column":null}},"52":{"start":{"line":57,"column":8},"end":{"line":57,"column":null}},"53":{"start":{"line":58,"column":8},"end":{"line":58,"column":null}},"54":{"start":{"line":58,"column":25},"end":{"line":58,"column":null}},"55":{"start":{"line":59,"column":8},"end":{"line":59,"column":null}},"56":{"start":{"line":62,"column":4},"end":{"line":62,"column":null}},"57":{"start":{"line":64,"column":2},"end":{"line":64,"column":null}},"58":{"start":{"line":65,"column":2},"end":{"line":65,"column":null}}},"fnMap":{"0":{"name":"isValid","decl":{"start":{"line":4,"column":16},"end":{"line":4,"column":null}},"loc":{"start":{"line":9,"column":11},"end":{"line":18,"column":null}},"line":9},"1":{"name":"findEmpty","decl":{"start":{"line":20,"column":16},"end":{"line":20,"column":26}},"loc":{"start":{"line":20,"column":65},"end":{"line":24,"column":null}},"line":20},"2":{"name":"solve","decl":{"start":{"line":26,"column":16},"end":{"line":26,"column":22}},"loc":{"start":{"line":26,"column":50},"end":{"line":42,"column":null}},"line":26},"3":{"name":"backtrack","decl":{"start":{"line":28,"column":11},"end":{"line":28,"column":32}},"loc":{"start":{"line":28,"column":32},"end":{"line":40,"column":null}},"line":28},"4":{"name":"countSolutions","decl":{"start":{"line":44,"column":16},"end":{"line":44,"column":31}},"loc":{"start":{"line":44,"column":64},"end":{"line":66,"column":null}},"line":44},"5":{"name":"backtrack","decl":{"start":{"line":47,"column":11},"end":{"line":47,"column":32}},"loc":{"start":{"line":47,"column":32},"end":{"line":63,"column":null}},"line":47}},"branchMap":{"0":{"loc":{"start":{"line":10,"column":2},"end":{"line":10,"column":null}},"type":"if","locations":[{"start":{"line":10,"column":2},"end":{"line":10,"column":null}},{"start":{},"end":{}}],"line":10},"1":{"loc":{"start":{"line":11,"column":30},"end":{"line":11,"column":null}},"type":"if","locations":[{"start":{"line":11,"column":30},"end":{"line":11,"column":null}},{"start":{},"end":{}}],"line":11},"2":{"loc":{"start":{"line":12,"column":30},"end":{"line":12,"column":null}},"type":"if","locations":[{"start":{"line":12,"column":30},"end":{"line":12,"column":null}},{"start":{},"end":{}}],"line":12},"3":{"loc":{"start":{"line":16,"column":32},"end":{"line":16,"column":null}},"type":"if","locations":[{"start":{"line":16,"column":32},"end":{"line":16,"column":null}},{"start":{},"end":{}}],"line":16},"4":{"loc":{"start":{"line":22,"column":32},"end":{"line":22,"column":null}},"type":"if","locations":[{"start":{"line":22,"column":32},"end":{"line":22,"column":null}},{"start":{},"end":{}}],"line":22},"5":{"loc":{"start":{"line":30,"column":4},"end":{"line":30,"column":null}},"type":"if","locations":[{"start":{"line":30,"column":4},"end":{"line":30,"column":null}},{"start":{},"end":{}}],"line":30},"6":{"loc":{"start":{"line":33,"column":6},"end":{"line":37,"column":null}},"type":"if","locations":[{"start":{"line":33,"column":6},"end":{"line":37,"column":null}},{"start":{},"end":{}}],"line":33},"7":{"loc":{"start":{"line":35,"column":8},"end":{"line":35,"column":null}},"type":"if","locations":[{"start":{"line":35,"column":8},"end":{"line":35,"column":null}},{"start":{},"end":{}}],"line":35},"8":{"loc":{"start":{"line":41,"column":9},"end":{"line":41,"column":null}},"type":"cond-expr","locations":[{"start":{"line":41,"column":23},"end":{"line":41,"column":30}},{"start":{"line":41,"column":30},"end":{"line":41,"column":null}}],"line":41},"9":{"loc":{"start":{"line":44,"column":45},"end":{"line":44,"column":64}},"type":"default-arg","locations":[{"start":{"line":44,"column":53},"end":{"line":44,"column":64}}],"line":44},"10":{"loc":{"start":{"line":48,"column":4},"end":{"line":48,"column":null}},"type":"if","locations":[{"start":{"line":48,"column":4},"end":{"line":48,"column":null}},{"start":{},"end":{}}],"line":48},"11":{"loc":{"start":{"line":50,"column":4},"end":{"line":53,"column":null}},"type":"if","locations":[{"start":{"line":50,"column":4},"end":{"line":53,"column":null}},{"start":{},"end":{}}],"line":50},"12":{"loc":{"start":{"line":56,"column":6},"end":{"line":60,"column":null}},"type":"if","locations":[{"start":{"line":56,"column":6},"end":{"line":60,"column":null}},{"start":{},"end":{}}],"line":56},"13":{"loc":{"start":{"line":58,"column":8},"end":{"line":58,"column":null}},"type":"if","locations":[{"start":{"line":58,"column":8},"end":{"line":58,"column":null}},{"start":{},"end":{}}],"line":58}},"s":{"0":130072,"1":0,"2":130072,"3":130072,"4":778985,"5":86647,"6":43425,"7":43425,"8":43425,"9":21930,"10":21495,"11":21495,"12":21495,"13":21495,"14":57186,"15":57186,"16":164972,"17":5317,"18":16178,"19":14621,"20":14621,"21":55344,"22":55344,"23":441804,"24":14505,"25":116,"26":3,"27":1665,"28":1665,"29":3,"30":1662,"31":1662,"32":1662,"33":14575,"34":1662,"35":1662,"36":96,"37":1566,"38":1566,"39":3,"40":103,"41":103,"42":12595,"43":7,"44":12588,"45":12588,"46":110,"47":110,"48":12478,"49":12478,"50":12478,"51":111566,"52":12492,"53":12492,"54":176,"55":12316,"56":12302,"57":103,"58":103},"f":{"0":130072,"1":14621,"2":3,"3":1665,"4":103,"5":12595},"b":{"0":[0,130072],"1":[86647,692338],"2":[21930,21495],"3":[5317,159655],"4":[14505,427299],"5":[3,1662],"6":[1662,12913],"7":[96,1566],"8":[3,0],"9":[103],"10":[7,12588],"11":[110,12478],"12":[12492,99074],"13":[176,12316]},"meta":{"lastBranch":14,"lastFunction":6,"lastStatement":59,"seen":{"f:4:16:4:Infinity":0,"b:10:2:10:Infinity:undefined:undefined:undefined:undefined":0,"s:10:2:10:Infinity":0,"s:10:15:10:Infinity":1,"s:11:2:11:Infinity":2,"s:11:15:11:18":3,"b:11:30:11:Infinity:undefined:undefined:undefined:undefined":1,"s:11:30:11:Infinity":4,"s:11:53:11:Infinity":5,"s:12:2:12:Infinity":6,"s:12:15:12:18":7,"b:12:30:12:Infinity:undefined:undefined:undefined:undefined":2,"s:12:30:12:Infinity":8,"s:12:53:12:Infinity":9,"s:13:13:13:Infinity":10,"s:14:13:14:Infinity":11,"s:15:2:16:Infinity":12,"s:15:15:15:18":13,"s:16:4:16:Infinity":14,"s:16:17:16:20":15,"b:16:32:16:Infinity:undefined:undefined:undefined:undefined":3,"s:16:32:16:Infinity":16,"s:16:65:16:Infinity":17,"s:17:2:17:Infinity":18,"f:20:16:20:26":1,"s:21:2:22:Infinity":19,"s:21:15:21:18":20,"s:22:4:22:Infinity":21,"s:22:17:22:20":22,"b:22:32:22:Infinity:undefined:undefined:undefined:undefined":4,"s:22:32:22:Infinity":23,"s:22:55:22:Infinity":24,"s:23:2:23:Infinity":25,"f:26:16:26:22":2,"s:27:8:27:Infinity":26,"f:28:11:28:32":3,"s:29:18:29:Infinity":27,"b:30:4:30:Infinity:undefined:undefined:undefined:undefined":5,"s:30:4:30:Infinity":28,"s:30:16:30:Infinity":29,"s:31:19:31:Infinity":30,"s:32:4:38:Infinity":31,"s:32:17:32:20":32,"b:33:6:37:Infinity:undefined:undefined:undefined:undefined":6,"s:33:6:37:Infinity":33,"s:34:8:34:Infinity":34,"b:35:8:35:Infinity:undefined:undefined:undefined:undefined":7,"s:35:8:35:Infinity":35,"s:35:25:35:Infinity":36,"s:36:8:36:Infinity":37,"s:39:4:39:Infinity":38,"s:41:2:41:Infinity":39,"b:41:23:41:30:41:30:41:Infinity":8,"f:44:16:44:31":4,"b:44:53:44:64":9,"s:45:8:45:Infinity":40,"s:46:14:46:Infinity":41,"f:47:11:47:32":5,"b:48:4:48:Infinity:undefined:undefined:undefined:undefined":10,"s:48:4:48:Infinity":42,"s:48:24:48:Infinity":43,"s:49:18:49:Infinity":44,"b:50:4:53:Infinity:undefined:undefined:undefined:undefined":11,"s:50:4:53:Infinity":45,"s:51:6:51:Infinity":46,"s:52:6:52:Infinity":47,"s:54:19:54:Infinity":48,"s:55:4:61:Infinity":49,"s:55:17:55:20":50,"b:56:6:60:Infinity:undefined:undefined:undefined:undefined":12,"s:56:6:60:Infinity":51,"s:57:8:57:Infinity":52,"b:58:8:58:Infinity:undefined:undefined:undefined:undefined":13,"s:58:8:58:Infinity":53,"s:58:25:58:Infinity":54,"s:59:8:59:Infinity":55,"s:62:4:62:Infinity":56,"s:64:2:64:Infinity":57,"s:65:2:65:Infinity":58}}}
,"/home/jimar/Desktop/sudoku/src/engine/types.ts": {"path":"/home/jimar/Desktop/sudoku/src/engine/types.ts","statementMap":{"0":{"start":{"line":16,"column":2},"end":{"line":16,"column":null}},"1":{"start":{"line":16,"column":41},"end":{"line":16,"column":65}},"2":{"start":{"line":20,"column":2},"end":{"line":20,"column":null}},"3":{"start":{"line":20,"column":28},"end":{"line":20,"column":39}},"4":{"start":{"line":24,"column":2},"end":{"line":24,"column":null}},"5":{"start":{"line":28,"column":2},"end":{"line":28,"column":null}}},"fnMap":{"0":{"name":"createEmptyBoard","decl":{"start":{"line":15,"column":16},"end":{"line":15,"column":42}},"loc":{"start":{"line":15,"column":42},"end":{"line":17,"column":null}},"line":15},"1":{"name":"(anonymous_1)","decl":{"start":{"line":16,"column":35},"end":{"line":16,"column":41}},"loc":{"start":{"line":16,"column":41},"end":{"line":16,"column":65}},"line":16},"2":{"name":"cloneBoard","decl":{"start":{"line":19,"column":16},"end":{"line":19,"column":27}},"loc":{"start":{"line":19,"column":48},"end":{"line":21,"column":null}},"line":19},"3":{"name":"(anonymous_3)","decl":{"start":{"line":20,"column":19},"end":{"line":20,"column":20}},"loc":{"start":{"line":20,"column":28},"end":{"line":20,"column":39}},"line":20},"4":{"name":"boxIndex","decl":{"start":{"line":23,"column":16},"end":{"line":23,"column":25}},"loc":{"start":{"line":23,"column":55},"end":{"line":25,"column":null}},"line":23},"5":{"name":"inBounds","decl":{"start":{"line":27,"column":16},"end":{"line":27,"column":25}},"loc":{"start":{"line":27,"column":56},"end":{"line":29,"column":null}},"line":27}},"branchMap":{"0":{"loc":{"start":{"line":28,"column":9},"end":{"line":28,"column":null}},"type":"binary-expr","locations":[{"start":{"line":28,"column":9},"end":{"line":28,"column":19}},{"start":{"line":28,"column":19},"end":{"line":28,"column":28}},{"start":{"line":28,"column":28},"end":{"line":28,"column":38}},{"start":{"line":28,"column":38},"end":{"line":28,"column":null}}],"line":28}},"s":{"0":10,"1":90,"2":112,"3":1008,"4":3,"5":2},"f":{"0":10,"1":90,"2":112,"3":1008,"4":3,"5":2},"b":{"0":[2,2,1,1]},"meta":{"lastBranch":1,"lastFunction":6,"lastStatement":6,"seen":{"f:15:16:15:42":0,"s:16:2:16:Infinity":0,"f:16:35:16:41":1,"s:16:41:16:65":1,"f:19:16:19:27":2,"s:20:2:20:Infinity":2,"f:20:19:20:20":3,"s:20:28:20:39":3,"f:23:16:23:25":4,"s:24:2:24:Infinity":4,"f:27:16:27:25":5,"s:28:2:28:Infinity":5,"b:28:9:28:19:28:19:28:28:28:28:28:38:28:38:28:Infinity":0}}}
,"/home/jimar/Desktop/sudoku/src/engine/validators.ts": {"path":"/home/jimar/Desktop/sudoku/src/engine/validators.ts","statementMap":{"0":{"start":{"line":10,"column":15},"end":{"line":10,"column":null}},"1":{"start":{"line":10,"column":47},"end":{"line":10,"column":76}},"2":{"start":{"line":11,"column":15},"end":{"line":11,"column":null}},"3":{"start":{"line":11,"column":47},"end":{"line":11,"column":76}},"4":{"start":{"line":12,"column":16},"end":{"line":12,"column":null}},"5":{"start":{"line":12,"column":48},"end":{"line":12,"column":77}},"6":{"start":{"line":15,"column":4},"end":{"line":15,"column":null}},"7":{"start":{"line":16,"column":4},"end":{"line":16,"column":null}},"8":{"start":{"line":17,"column":14},"end":{"line":17,"column":null}},"9":{"start":{"line":18,"column":4},"end":{"line":18,"column":null}},"10":{"start":{"line":22,"column":2},"end":{"line":45,"column":null}},"11":{"start":{"line":22,"column":15},"end":{"line":22,"column":18}},"12":{"start":{"line":23,"column":20},"end":{"line":23,"column":null}},"13":{"start":{"line":24,"column":20},"end":{"line":24,"column":null}},"14":{"start":{"line":25,"column":4},"end":{"line":44,"column":null}},"15":{"start":{"line":25,"column":17},"end":{"line":25,"column":20}},"16":{"start":{"line":26,"column":17},"end":{"line":26,"column":null}},"17":{"start":{"line":27,"column":17},"end":{"line":27,"column":null}},"18":{"start":{"line":28,"column":6},"end":{"line":35,"column":null}},"19":{"start":{"line":29,"column":8},"end":{"line":34,"column":null}},"20":{"start":{"line":30,"column":10},"end":{"line":30,"column":null}},"21":{"start":{"line":31,"column":10},"end":{"line":31,"column":null}},"22":{"start":{"line":33,"column":10},"end":{"line":33,"column":null}},"23":{"start":{"line":36,"column":6},"end":{"line":43,"column":null}},"24":{"start":{"line":37,"column":8},"end":{"line":42,"column":null}},"25":{"start":{"line":38,"column":10},"end":{"line":38,"column":null}},"26":{"start":{"line":39,"column":10},"end":{"line":39,"column":null}},"27":{"start":{"line":41,"column":10},"end":{"line":41,"column":null}},"28":{"start":{"line":48,"column":2},"end":{"line":68,"column":null}},"29":{"start":{"line":48,"column":16},"end":{"line":48,"column":19}},"30":{"start":{"line":49,"column":4},"end":{"line":67,"column":null}},"31":{"start":{"line":49,"column":18},"end":{"line":49,"column":21}},"32":{"start":{"line":50,"column":19},"end":{"line":50,"column":null}},"33":{"start":{"line":51,"column":6},"end":{"line":66,"column":null}},"34":{"start":{"line":51,"column":19},"end":{"line":51,"column":22}},"35":{"start":{"line":52,"column":8},"end":{"line":65,"column":null}},"36":{"start":{"line":52,"column":21},"end":{"line":52,"column":24}},"37":{"start":{"line":53,"column":20},"end":{"line":53,"column":null}},"38":{"start":{"line":54,"column":20},"end":{"line":54,"column":null}},"39":{"start":{"line":55,"column":20},"end":{"line":55,"column":null}},"40":{"start":{"line":56,"column":10},"end":{"line":64,"column":null}},"41":{"start":{"line":57,"column":12},"end":{"line":63,"column":null}},"42":{"start":{"line":58,"column":31},"end":{"line":58,"column":null}},"43":{"start":{"line":59,"column":14},"end":{"line":59,"column":null}},"44":{"start":{"line":60,"column":14},"end":{"line":60,"column":null}},"45":{"start":{"line":62,"column":14},"end":{"line":62,"column":null}},"46":{"start":{"line":70,"column":2},"end":{"line":70,"column":null}},"47":{"start":{"line":74,"column":2},"end":{"line":78,"column":null}},"48":{"start":{"line":74,"column":15},"end":{"line":74,"column":18}},"49":{"start":{"line":75,"column":4},"end":{"line":77,"column":null}},"50":{"start":{"line":75,"column":17},"end":{"line":75,"column":20}},"51":{"start":{"line":76,"column":6},"end":{"line":76,"column":null}},"52":{"start":{"line":76,"column":29},"end":{"line":76,"column":null}},"53":{"start":{"line":79,"column":32},"end":{"line":79,"column":null}},"54":{"start":{"line":81,"column":2},"end":{"line":84,"column":null}}},"fnMap":{"0":{"name":"validateBoard","decl":{"start":{"line":9,"column":16},"end":{"line":9,"column":30}},"loc":{"start":{"line":9,"column":55},"end":{"line":71,"column":null}},"line":9},"1":{"name":"(anonymous_1)","decl":{"start":{"line":10,"column":41},"end":{"line":10,"column":47}},"loc":{"start":{"line":10,"column":47},"end":{"line":10,"column":76}},"line":10},"2":{"name":"(anonymous_2)","decl":{"start":{"line":11,"column":41},"end":{"line":11,"column":47}},"loc":{"start":{"line":11,"column":47},"end":{"line":11,"column":76}},"line":11},"3":{"name":"(anonymous_3)","decl":{"start":{"line":12,"column":42},"end":{"line":12,"column":48}},"loc":{"start":{"line":12,"column":48},"end":{"line":12,"column":77}},"line":12},"4":{"name":"markConflict","decl":{"start":{"line":14,"column":11},"end":{"line":14,"column":24}},"loc":{"start":{"line":14,"column":46},"end":{"line":19,"column":null}},"line":14},"5":{"name":"isComplete","decl":{"start":{"line":73,"column":16},"end":{"line":73,"column":27}},"loc":{"start":{"line":73,"column":50},"end":{"line":86,"column":null}},"line":73}},"branchMap":{"0":{"loc":{"start":{"line":28,"column":6},"end":{"line":35,"column":null}},"type":"if","locations":[{"start":{"line":28,"column":6},"end":{"line":35,"column":null}},{"start":{},"end":{}}],"line":28},"1":{"loc":{"start":{"line":29,"column":8},"end":{"line":34,"column":null}},"type":"if","locations":[{"start":{"line":29,"column":8},"end":{"line":34,"column":null}},{"start":{"line":32,"column":15},"end":{"line":34,"column":null}}],"line":29},"2":{"loc":{"start":{"line":36,"column":6},"end":{"line":43,"column":null}},"type":"if","locations":[{"start":{"line":36,"column":6},"end":{"line":43,"column":null}},{"start":{},"end":{}}],"line":36},"3":{"loc":{"start":{"line":37,"column":8},"end":{"line":42,"column":null}},"type":"if","locations":[{"start":{"line":37,"column":8},"end":{"line":42,"column":null}},{"start":{"line":40,"column":15},"end":{"line":42,"column":null}}],"line":37},"4":{"loc":{"start":{"line":56,"column":10},"end":{"line":64,"column":null}},"type":"if","locations":[{"start":{"line":56,"column":10},"end":{"line":64,"column":null}},{"start":{},"end":{}}],"line":56},"5":{"loc":{"start":{"line":57,"column":12},"end":{"line":63,"column":null}},"type":"if","locations":[{"start":{"line":57,"column":12},"end":{"line":63,"column":null}},{"start":{"line":61,"column":19},"end":{"line":63,"column":null}}],"line":57},"6":{"loc":{"start":{"line":76,"column":6},"end":{"line":76,"column":null}},"type":"if","locations":[{"start":{"line":76,"column":6},"end":{"line":76,"column":null}},{"start":{},"end":{}}],"line":76},"7":{"loc":{"start":{"line":82,"column":4},"end":{"line":84,"column":null}},"type":"binary-expr","locations":[{"start":{"line":82,"column":4},"end":{"line":82,"column":null}},{"start":{"line":83,"column":4},"end":{"line":83,"column":null}},{"start":{"line":84,"column":4},"end":{"line":84,"column":null}}],"line":82}},"s":{"0":2,"1":18,"2":2,"3":18,"4":2,"5":18,"6":4,"7":4,"8":4,"9":4,"10":2,"11":2,"12":18,"13":18,"14":18,"15":18,"16":162,"17":162,"18":162,"19":83,"20":1,"21":1,"22":82,"23":162,"24":83,"25":0,"26":0,"27":83,"28":2,"29":2,"30":6,"31":6,"32":18,"33":18,"34":18,"35":54,"36":54,"37":162,"38":162,"39":162,"40":162,"41":83,"42":1,"43":1,"44":1,"45":82,"46":2,"47":1,"48":1,"49":9,"50":9,"51":81,"52":0,"53":1,"54":1},"f":{"0":2,"1":18,"2":18,"3":18,"4":4,"5":1},"b":{"0":[83,79],"1":[1,82],"2":[83,79],"3":[0,83],"4":[83,79],"5":[1,82],"6":[0,81],"7":[1,1,1]},"meta":{"lastBranch":8,"lastFunction":6,"lastStatement":55,"seen":{"f:9:16:9:30":0,"s:10:15:10:Infinity":0,"f:10:41:10:47":1,"s:10:47:10:76":1,"s:11:15:11:Infinity":2,"f:11:41:11:47":2,"s:11:47:11:76":3,"s:12:16:12:Infinity":4,"f:12:42:12:48":3,"s:12:48:12:77":5,"f:14:11:14:24":4,"s:15:4:15:Infinity":6,"s:16:4:16:Infinity":7,"s:17:14:17:Infinity":8,"s:18:4:18:Infinity":9,"s:22:2:45:Infinity":10,"s:22:15:22:18":11,"s:23:20:23:Infinity":12,"s:24:20:24:Infinity":13,"s:25:4:44:Infinity":14,"s:25:17:25:20":15,"s:26:17:26:Infinity":16,"s:27:17:27:Infinity":17,"b:28:6:35:Infinity:undefined:undefined:undefined:undefined":0,"s:28:6:35:Infinity":18,"b:29:8:34:Infinity:32:15:34:Infinity":1,"s:29:8:34:Infinity":19,"s:30:10:30:Infinity":20,"s:31:10:31:Infinity":21,"s:33:10:33:Infinity":22,"b:36:6:43:Infinity:undefined:undefined:undefined:undefined":2,"s:36:6:43:Infinity":23,"b:37:8:42:Infinity:40:15:42:Infinity":3,"s:37:8:42:Infinity":24,"s:38:10:38:Infinity":25,"s:39:10:39:Infinity":26,"s:41:10:41:Infinity":27,"s:48:2:68:Infinity":28,"s:48:16:48:19":29,"s:49:4:67:Infinity":30,"s:49:18:49:21":31,"s:50:19:50:Infinity":32,"s:51:6:66:Infinity":33,"s:51:19:51:22":34,"s:52:8:65:Infinity":35,"s:52:21:52:24":36,"s:53:20:53:Infinity":37,"s:54:20:54:Infinity":38,"s:55:20:55:Infinity":39,"b:56:10:64:Infinity:undefined:undefined:undefined:undefined":4,"s:56:10:64:Infinity":40,"b:57:12:63:Infinity:61:19:63:Infinity":5,"s:57:12:63:Infinity":41,"s:58:31:58:Infinity":42,"s:59:14:59:Infinity":43,"s:60:14:60:Infinity":44,"s:62:14:62:Infinity":45,"s:70:2:70:Infinity":46,"f:73:16:73:27":5,"s:74:2:78:Infinity":47,"s:74:15:74:18":48,"s:75:4:77:Infinity":49,"s:75:17:75:20":50,"b:76:6:76:Infinity:undefined:undefined:undefined:undefined":6,"s:76:6:76:Infinity":51,"s:76:29:76:Infinity":52,"s:79:32:79:Infinity":53,"s:81:2:84:Infinity":54,"b:82:4:82:Infinity:83:4:83:Infinity:84:4:84:Infinity":7}}}
}
